2019-08-23 14:36:39,085 - automatorLogger - WARNING - 1
2019-08-23 14:37:15,523 - automatorLogger - WARNING - 1
2019-08-23 14:37:16,231 - automatorLogger - WARNING - 1
2019-08-23 14:37:16,423 - automatorLogger - WARNING - 1
2019-08-23 14:37:16,562 - automatorLogger - WARNING - 1
2019-08-23 14:37:43,315 - automatorLogger - WARNING - 1
2019-08-23 14:38:06,889 - automatorLogger - WARNING - 1
2019-08-23 14:39:06,866 - automatorLogger - WARNING - 1
2019-08-23 14:46:43,698 - automatorLogger - WARNING - 1
2019-08-23 14:46:43,699 - automatorLogger - WARNING - <Process(Process-1, started)>
2019-08-23 14:47:57,214 - automatorLogger - WARNING - 0
2019-08-23 14:47:57,214 - automatorLogger - WARNING - <Process(Process-1, started)>
2019-08-23 14:48:06,296 - automatorLogger - WARNING - 5
2019-08-23 14:48:06,296 - automatorLogger - WARNING - <Process(Process-1, started)>
2019-08-23 14:48:37,059 - automatorLogger - INFO - Scheduler : <Process(Process-1, started)>
2019-08-23 14:48:43,200 - automatorLogger - INFO - Scheduler : <Process(Process-1, started)>
2019-08-23 14:48:59,970 - automatorLogger - INFO - Scheduler : <Process(Process-1, started)>
2019-08-23 14:49:06,658 - automatorLogger - INFO - Scheduler : <Process(Process-1, started)>
2019-08-23 14:49:06,889 - automatorLogger - INFO - Scheduler : <Process(Process-1, started)>
2019-08-23 14:49:07,063 - automatorLogger - INFO - Scheduler : <Process(Process-1, started)>
2019-08-23 14:49:07,204 - automatorLogger - INFO - Scheduler : <Process(Process-1, started)>
2019-08-23 14:49:07,329 - automatorLogger - INFO - Scheduler : <Process(Process-1, started)>
2019-08-23 14:49:16,399 - automatorLogger - WARNING - <Process(Process-1, started)>
2019-08-23 14:49:16,399 - automatorLogger - WARNING - 1
2019-08-23 14:51:06,697 - automatorLogger - WARNING - Scheduler : <Process(Process-1, initial)>
2019-08-23 14:51:12,512 - automatorLogger - WARNING - <Process(Process-1, initial)>
2019-08-23 14:51:12,512 - automatorLogger - WARNING - 1
2019-08-23 14:51:28,096 - automatorLogger - WARNING - <Process(Process-1, started)>
2019-08-23 14:51:28,097 - automatorLogger - WARNING - 1
2019-08-23 14:51:38,779 - automatorLogger - WARNING - <Process(Process-1, started)>
2019-08-23 14:51:38,779 - automatorLogger - WARNING - 1
2019-08-23 14:52:23,969 - automatorLogger - WARNING - Scheduler : <Process(Process-1, initial)>
2019-08-23 14:52:35,561 - automatorLogger - WARNING - <Process(Process-1, initial)>
2019-08-23 14:52:35,561 - automatorLogger - WARNING - 1
2019-08-23 14:52:43,020 - automatorLogger - WARNING - <Process(Process-1, started)>
2019-08-23 14:54:01,818 - automatorLogger - WARNING - None
2019-08-23 14:54:04,553 - automatorLogger - WARNING - Scheduler : <Process(Process-1, initial)>
2019-08-23 14:54:11,804 - automatorLogger - WARNING - <Process(Process-1, initial)>
2019-08-23 14:54:11,804 - automatorLogger - WARNING - 1
2019-08-23 14:54:19,614 - automatorLogger - WARNING - <Process(Process-1, started)>
2019-08-23 14:54:19,615 - automatorLogger - WARNING - 1
2019-08-23 14:54:19,845 - automatorLogger - WARNING - <Process(Process-1, started)>
2019-08-23 14:54:19,845 - automatorLogger - WARNING - 1
2019-08-23 14:54:20,009 - automatorLogger - WARNING - <Process(Process-1, started)>
2019-08-23 14:54:20,009 - automatorLogger - WARNING - 1
2019-08-23 14:54:29,808 - automatorLogger - WARNING - <Process(Process-1, started)>
2019-08-23 16:17:44,226 - automatorLogger - WARNING - Scheduler : <Process(Process-1, initial)>
2019-08-23 16:17:44,470 - automatorLogger - WARNING - Scheduler : <Process(Process-1, initial)>
2019-08-23 16:19:38,701 - automatorLogger - WARNING - Scheduler : <Process(Process-1, initial)>
2019-08-23 16:19:38,860 - automatorLogger - WARNING - Scheduler : <Process(Process-1, initial)>
2019-08-23 16:19:53,556 - automatorLogger - WARNING - <Process(Process-1, initial)>
2019-08-23 16:19:53,557 - automatorLogger - WARNING - 1
2019-08-23 16:19:59,260 - automatorLogger - WARNING - <Process(Process-1, started)>
2019-08-23 16:19:59,260 - automatorLogger - WARNING - 1
2019-08-23 16:23:24,559 - automatorLogger - WARNING - Scheduler : <Process(Process-1, initial)>
2019-08-23 16:23:24,714 - automatorLogger - WARNING - Scheduler : <Process(Process-1, initial)>
2019-08-23 16:24:13,066 - automatorLogger - WARNING - Scheduler : <Process(Process-1, started)>
2019-08-23 16:24:13,319 - automatorLogger - WARNING - Scheduler : <Process(Process-1, started)>
2019-08-23 16:25:03,675 - automatorLogger - WARNING - Scheduler : <Process(Process-1, started)>
2019-08-23 16:25:03,887 - automatorLogger - WARNING - Scheduler : <Process(Process-1, started)>
2019-08-23 16:25:38,933 - automatorLogger - WARNING - Scheduler : <Process(Process-1, initial)>
2019-08-23 16:25:39,088 - automatorLogger - WARNING - Scheduler : <Process(Process-1, initial)>
2019-08-23 16:26:45,413 - automatorLogger - WARNING - Scheduler : <Process(Process-1, started)>
2019-08-23 16:26:45,666 - automatorLogger - WARNING - Scheduler : <Process(Process-1, started)>
2019-08-23 16:27:54,486 - automatorLogger - WARNING - Scheduler : <Process(Process-1, initial)>
2019-08-23 16:27:54,648 - automatorLogger - WARNING - Scheduler : <Process(Process-1, initial)>
2019-08-23 16:28:15,198 - automatorLogger - WARNING - Scheduler : <Process(Process-1, initial)>
2019-08-23 16:30:53,465 - automatorLogger - WARNING - Scheduler : <Process(Process-1, initial)>
2019-08-23 16:30:53,626 - automatorLogger - WARNING - Scheduler : <Process(Process-1, initial)>
2019-08-23 16:40:57,675 - automatorLogger - WARNING - Scheduler : <Process(Process-1, initial)>
2019-08-23 16:40:57,923 - automatorLogger - WARNING - Scheduler : <Process(Process-1, initial)>
2019-08-23 16:41:23,344 - automatorLogger - WARNING - Scheduler : <Process(Process-1, initial)>
2019-08-23 16:41:26,733 - automatorLogger - WARNING - Scheduler : <Process(Process-1, initial)>
2019-08-23 16:41:40,967 - automatorLogger - WARNING - False
2019-08-23 16:42:31,971 - automatorLogger - WARNING - Stop pressing the CTRL+C!
2019-08-23 16:42:31,971 - automatorLogger - WARNING - Stop pressing the CTRL+C!
2019-08-23 16:42:31,972 - automatorLogger - WARNING - 2
2019-08-23 16:42:31,972 - automatorLogger - WARNING - 2
2019-08-23 16:42:37,936 - automatorLogger - WARNING - Stop pressing the CTRL+C!
2019-08-23 16:42:37,937 - automatorLogger - WARNING - 2
2019-08-23 16:42:37,937 - automatorLogger - WARNING - Stop pressing the CTRL+C!
2019-08-23 16:42:37,937 - automatorLogger - WARNING - 2
2019-08-23 16:43:59,559 - automatorLogger - WARNING - Stop pressing the CTRL+C!
2019-08-23 16:43:59,560 - automatorLogger - WARNING - 2
2019-08-23 16:43:59,559 - automatorLogger - WARNING - Stop pressing the CTRL+C!
2019-08-23 16:43:59,563 - automatorLogger - WARNING - 2
2019-08-23 16:44:21,623 - automatorLogger - WARNING - Stop pressing the CTRL+C!
2019-08-23 16:44:21,623 - automatorLogger - WARNING - Stop pressing the CTRL+C!
2019-08-23 16:44:21,630 - automatorLogger - WARNING - 2
2019-08-23 16:44:21,630 - automatorLogger - WARNING - 2
2019-08-23 16:45:16,749 - automatorLogger - WARNING - Stop pressing the CTRL+C!
2019-08-23 16:45:16,749 - automatorLogger - WARNING - 2
2019-08-23 16:45:16,749 - automatorLogger - WARNING - Stop pressing the CTRL+C!
2019-08-23 16:45:16,750 - automatorLogger - WARNING - 2
2019-08-23 16:45:27,837 - automatorLogger - WARNING - Stop pressing the CTRL+C!
2019-08-23 16:45:27,838 - automatorLogger - WARNING - 2
2019-08-23 16:45:27,838 - automatorLogger - WARNING - Stop pressing the CTRL+C!
2019-08-23 16:45:27,838 - automatorLogger - WARNING - 2
2019-08-23 16:45:40,114 - automatorLogger - WARNING - Stop pressing the CTRL+C!
2019-08-23 16:45:40,114 - automatorLogger - WARNING - Stop pressing the CTRL+C!
2019-08-23 16:45:40,115 - automatorLogger - WARNING - 2
2019-08-23 16:45:40,115 - automatorLogger - WARNING - 2
2019-08-23 16:46:17,081 - automatorLogger - WARNING - Stop pressing the CTRL+C!
2019-08-23 16:46:17,082 - automatorLogger - WARNING - 2
2019-08-23 16:46:17,082 - automatorLogger - WARNING - Stop pressing the CTRL+C!
2019-08-23 16:46:40,110 - automatorLogger - WARNING - Stop pressing the CTRL+C!
2019-08-23 16:46:40,111 - automatorLogger - WARNING - 2
2019-08-23 16:47:25,415 - automatorLogger - WARNING - Stop pressing the CTRL+C!
2019-08-23 16:47:25,415 - automatorLogger - WARNING - Stop pressing the CTRL+C!
2019-08-23 16:47:25,417 - automatorLogger - WARNING - 2
2019-08-23 16:47:25,417 - automatorLogger - WARNING - 2
2019-08-23 16:47:58,289 - automatorLogger - WARNING - Stop pressing the CTRL+C!
2019-08-23 16:47:58,290 - automatorLogger - WARNING - 2
2019-08-23 16:47:58,289 - automatorLogger - WARNING - Stop pressing the CTRL+C!
2019-08-23 16:47:58,290 - automatorLogger - WARNING - 2
2019-08-23 16:52:48,703 - automatorLogger - WARNING - Stop pressing the CTRL+C!
2019-08-23 16:52:48,704 - automatorLogger - WARNING - 2
2019-08-23 16:52:48,703 - automatorLogger - WARNING - Stop pressing the CTRL+C!
2019-08-23 16:52:48,704 - automatorLogger - WARNING - 2
2019-08-23 16:53:56,356 - automatorLogger - WARNING - Stop pressing the CTRL+C!
2019-08-23 16:53:56,357 - automatorLogger - WARNING - 2
2019-08-23 16:54:33,939 - automatorLogger - WARNING - Stop pressing the CTRL+C!
2019-08-23 16:54:33,939 - automatorLogger - WARNING - Stop pressing the CTRL+C!
2019-08-23 16:54:33,939 - automatorLogger - WARNING - Stop pressing the CTRL+C!
2019-08-23 16:54:33,940 - automatorLogger - WARNING - 2
2019-08-23 16:54:33,940 - automatorLogger - WARNING - 2
2019-08-23 16:54:33,940 - automatorLogger - WARNING - 2
2019-08-23 16:54:33,942 - automatorLogger - WARNING - Stop pressing the CTRL+C!
2019-08-23 16:54:33,943 - automatorLogger - WARNING - 2
2019-08-23 16:55:11,203 - automatorLogger - WARNING - Stop pressing the CTRL+C!
2019-08-23 16:55:11,204 - automatorLogger - WARNING - 2
2019-08-23 16:55:54,604 - automatorLogger - WARNING - True
2019-08-23 16:56:22,666 - automatorLogger - WARNING - Stop pressing the CTRL+C!
2019-08-23 16:56:22,666 - automatorLogger - WARNING - Stop pressing the CTRL+C!
2019-08-23 16:56:22,666 - automatorLogger - WARNING - 2
2019-08-23 16:56:22,666 - automatorLogger - WARNING - Stop pressing the CTRL+C!
2019-08-23 16:56:22,666 - automatorLogger - WARNING - 2
2019-08-23 16:56:49,113 - automatorLogger - WARNING - True
2019-08-23 16:56:49,379 - automatorLogger - WARNING - True
2019-08-23 16:56:49,557 - automatorLogger - WARNING - True
2019-08-23 16:56:49,716 - automatorLogger - WARNING - True
2019-08-23 16:56:49,893 - automatorLogger - WARNING - True
2019-08-23 16:56:50,064 - automatorLogger - WARNING - True
2019-08-23 16:56:50,232 - automatorLogger - WARNING - True
2019-08-23 16:56:59,111 - automatorLogger - WARNING - True
2019-08-23 16:56:59,349 - automatorLogger - WARNING - True
2019-08-23 16:56:59,501 - automatorLogger - WARNING - True
2019-08-23 16:58:33,345 - automatorLogger - WARNING - Stop pressing the CTRL+C!
2019-08-23 16:58:33,345 - automatorLogger - WARNING - Stop pressing the CTRL+C!
2019-08-23 16:58:33,345 - automatorLogger - WARNING - 2
2019-08-23 16:58:33,345 - automatorLogger - WARNING - Stop pressing the CTRL+C!
2019-08-23 16:58:33,347 - automatorLogger - WARNING - 2
2019-08-23 16:58:45,606 - automatorLogger - WARNING - True
2019-08-23 17:00:13,645 - automatorLogger - WARNING - Stop pressing the CTRL+C!
2019-08-23 17:00:13,645 - automatorLogger - WARNING - 2
2019-08-23 17:00:13,645 - automatorLogger - WARNING - Stop pressing the CTRL+C!
2019-08-23 17:00:13,648 - automatorLogger - WARNING - Stop pressing the CTRL+C!
2019-08-23 17:00:13,649 - automatorLogger - WARNING - 2
2019-08-23 17:00:21,074 - automatorLogger - WARNING - True
2019-08-23 17:00:47,703 - automatorLogger - WARNING - False
2019-08-23 17:00:53,685 - automatorLogger - WARNING - False
2019-08-23 17:00:59,487 - automatorLogger - WARNING - Stop pressing the CTRL+C!
2019-08-23 17:00:59,487 - automatorLogger - WARNING - 2
2019-08-23 17:00:59,487 - automatorLogger - WARNING - Stop pressing the CTRL+C!
2019-08-23 17:00:59,488 - automatorLogger - WARNING - 2
2019-08-23 17:05:34,338 - automatorLogger - WARNING - True
2019-08-23 17:05:34,342 - automatorLogger - WARNING - hellow world
2019-08-23 17:05:37,345 - automatorLogger - WARNING - hellow world
2019-08-23 17:05:40,348 - automatorLogger - WARNING - hellow world
2019-08-23 17:05:43,353 - automatorLogger - WARNING - hellow world
2019-08-23 17:05:46,356 - automatorLogger - WARNING - hellow world
2019-08-23 17:05:49,360 - automatorLogger - WARNING - hellow world
2019-08-23 17:05:52,364 - automatorLogger - WARNING - hellow world
2019-08-23 17:06:54,031 - automatorLogger - WARNING - True
2019-08-23 17:06:54,034 - automatorLogger - WARNING - hellow world
2019-08-23 17:06:57,038 - automatorLogger - WARNING - hellow world
2019-08-23 17:07:00,042 - automatorLogger - WARNING - hellow world
2019-08-23 17:07:03,046 - automatorLogger - WARNING - hellow world
2019-08-23 17:07:06,050 - automatorLogger - WARNING - hellow world
2019-08-23 17:07:09,054 - automatorLogger - WARNING - hellow world
2019-08-23 17:07:12,058 - automatorLogger - WARNING - hellow world
2019-08-23 17:07:15,062 - automatorLogger - WARNING - hellow world
2019-08-23 17:07:18,066 - automatorLogger - WARNING - hellow world
2019-08-23 17:07:21,070 - automatorLogger - WARNING - hellow world
2019-08-23 17:07:24,073 - automatorLogger - WARNING - hellow world
2019-08-23 17:07:27,077 - automatorLogger - WARNING - hellow world
2019-08-23 17:07:30,080 - automatorLogger - WARNING - hellow world
2019-08-23 17:07:33,084 - automatorLogger - WARNING - hellow world
2019-08-23 17:07:36,087 - automatorLogger - WARNING - hellow world
2019-08-23 17:07:39,091 - automatorLogger - WARNING - hellow world
2019-08-23 17:07:42,095 - automatorLogger - WARNING - hellow world
2019-08-23 17:07:45,099 - automatorLogger - WARNING - hellow world
2019-08-23 17:07:45,334 - automatorLogger - WARNING - True
2019-08-23 17:07:48,102 - automatorLogger - WARNING - hellow world
2019-08-23 17:07:51,107 - automatorLogger - WARNING - hellow world
2019-08-23 17:08:17,654 - automatorLogger - WARNING - True
2019-08-23 17:08:17,663 - automatorLogger - WARNING - hi theis 2
2019-08-23 17:08:17,665 - automatorLogger - WARNING - hellow world 3
2019-08-23 17:08:19,667 - automatorLogger - WARNING - hi theis 2
2019-08-23 17:08:20,669 - automatorLogger - WARNING - hellow world 3
2019-08-23 17:08:21,671 - automatorLogger - WARNING - hi theis 2
2019-08-23 17:08:23,674 - automatorLogger - WARNING - hellow world 3
2019-08-23 17:08:23,674 - automatorLogger - WARNING - hi theis 2
2019-08-23 17:08:25,677 - automatorLogger - WARNING - hi theis 2
2019-08-23 17:08:26,678 - automatorLogger - WARNING - hellow world 3
2019-08-23 17:08:27,679 - automatorLogger - WARNING - hi theis 2
2019-08-23 17:08:29,682 - automatorLogger - WARNING - hellow world 3
2019-08-23 17:08:29,683 - automatorLogger - WARNING - hi theis 2
2019-08-23 17:08:31,686 - automatorLogger - WARNING - hi theis 2
2019-08-23 17:08:32,687 - automatorLogger - WARNING - hellow world 3
2019-08-23 17:08:33,689 - automatorLogger - WARNING - hi theis 2
2019-08-23 17:08:35,692 - automatorLogger - WARNING - hellow world 3
2019-08-23 17:08:35,692 - automatorLogger - WARNING - hi theis 2
2019-08-23 17:08:37,695 - automatorLogger - WARNING - hi theis 2
2019-08-23 17:08:38,697 - automatorLogger - WARNING - hellow world 3
2019-08-23 17:08:39,699 - automatorLogger - WARNING - hi theis 2
2019-08-23 17:08:41,702 - automatorLogger - WARNING - hellow world 3
2019-08-23 17:08:41,702 - automatorLogger - WARNING - hi theis 2
2019-08-23 17:08:43,704 - automatorLogger - WARNING - hi theis 2
2019-08-23 17:08:44,706 - automatorLogger - WARNING - hellow world 3
2019-08-23 17:08:45,707 - automatorLogger - WARNING - hi theis 2
2019-08-23 17:08:47,710 - automatorLogger - WARNING - hellow world 3
2019-08-23 17:08:47,711 - automatorLogger - WARNING - hi theis 2
2019-08-23 17:08:49,714 - automatorLogger - WARNING - hi theis 2
2019-08-23 17:08:50,715 - automatorLogger - WARNING - hellow world 3
2019-08-23 17:08:51,717 - automatorLogger - WARNING - hi theis 2
2019-08-23 17:08:53,719 - automatorLogger - WARNING - hellow world 3
2019-08-23 17:08:53,720 - automatorLogger - WARNING - hi theis 2
2019-08-23 17:08:55,722 - automatorLogger - WARNING - hi theis 2
2019-08-23 17:08:56,724 - automatorLogger - WARNING - hellow world 3
2019-08-23 17:08:57,726 - automatorLogger - WARNING - hi theis 2
2019-08-23 17:08:59,729 - automatorLogger - WARNING - hellow world 3
2019-08-23 17:08:59,729 - automatorLogger - WARNING - hi theis 2
2019-08-23 17:09:01,738 - automatorLogger - WARNING - hi theis 2
2019-08-23 17:09:02,740 - automatorLogger - WARNING - hellow world 3
2019-08-23 17:09:03,742 - automatorLogger - WARNING - hi theis 2
2019-08-23 17:09:05,744 - automatorLogger - WARNING - hellow world 3
2019-08-23 17:09:05,745 - automatorLogger - WARNING - hi theis 2
2019-08-23 17:09:07,748 - automatorLogger - WARNING - hi theis 2
2019-08-23 17:09:08,749 - automatorLogger - WARNING - hellow world 3
2019-08-23 17:09:09,751 - automatorLogger - WARNING - hi theis 2
2019-08-23 17:09:11,753 - automatorLogger - WARNING - hellow world 3
2019-08-23 17:09:11,754 - automatorLogger - WARNING - hi theis 2
2019-08-23 17:09:13,756 - automatorLogger - WARNING - hi theis 2
2019-08-23 17:09:14,758 - automatorLogger - WARNING - hellow world 3
2019-08-23 17:09:15,759 - automatorLogger - WARNING - hi theis 2
2019-08-23 17:09:17,762 - automatorLogger - WARNING - hellow world 3
2019-08-23 17:09:17,763 - automatorLogger - WARNING - hi theis 2
2019-08-23 17:09:19,766 - automatorLogger - WARNING - hi theis 2
2019-08-23 17:09:20,767 - automatorLogger - WARNING - hellow world 3
2019-08-23 17:09:21,769 - automatorLogger - WARNING - hi theis 2
2019-08-23 17:09:23,771 - automatorLogger - WARNING - hellow world 3
2019-08-23 17:09:23,772 - automatorLogger - WARNING - hi theis 2
2019-08-23 17:09:25,775 - automatorLogger - WARNING - hi theis 2
2019-08-23 17:09:26,776 - automatorLogger - WARNING - hellow world 3
2019-08-23 17:09:27,778 - automatorLogger - WARNING - hi theis 2
2019-08-23 17:09:29,780 - automatorLogger - WARNING - hellow world 3
2019-08-23 17:09:29,781 - automatorLogger - WARNING - hi theis 2
2019-08-23 17:09:31,783 - automatorLogger - WARNING - hi theis 2
2019-08-23 17:09:32,785 - automatorLogger - WARNING - hellow world 3
2019-08-23 17:09:33,786 - automatorLogger - WARNING - hi theis 2
2019-08-23 17:09:35,788 - automatorLogger - WARNING - hellow world 3
2019-08-23 17:09:35,788 - automatorLogger - WARNING - hi theis 2
2019-08-23 17:09:37,791 - automatorLogger - WARNING - hi theis 2
2019-08-23 17:09:38,793 - automatorLogger - WARNING - hellow world 3
2019-08-23 17:09:39,795 - automatorLogger - WARNING - hi theis 2
2019-08-23 17:09:41,798 - automatorLogger - WARNING - hellow world 3
2019-08-23 17:09:41,798 - automatorLogger - WARNING - hi theis 2
2019-08-23 17:09:43,800 - automatorLogger - WARNING - hi theis 2
2019-08-23 17:09:44,802 - automatorLogger - WARNING - hellow world 3
2019-08-23 17:09:45,803 - automatorLogger - WARNING - hi theis 2
2019-08-23 17:09:47,806 - automatorLogger - WARNING - hellow world 3
2019-08-23 17:09:47,807 - automatorLogger - WARNING - hi theis 2
2019-08-23 17:09:49,808 - automatorLogger - WARNING - hi theis 2
2019-08-23 17:09:50,810 - automatorLogger - WARNING - hellow world 3
2019-08-23 17:09:51,811 - automatorLogger - WARNING - hi theis 2
2019-08-23 17:09:53,814 - automatorLogger - WARNING - hellow world 3
2019-08-23 17:09:53,815 - automatorLogger - WARNING - hi theis 2
2019-08-23 17:09:55,818 - automatorLogger - WARNING - hi theis 2
2019-08-23 17:09:56,819 - automatorLogger - WARNING - hellow world 3
2019-08-23 17:09:57,821 - automatorLogger - WARNING - hi theis 2
2019-08-23 17:09:59,823 - automatorLogger - WARNING - hellow world 3
2019-08-23 17:09:59,824 - automatorLogger - WARNING - hi theis 2
2019-08-23 17:10:01,141 - automatorLogger - WARNING - Stop pressing the CTRL+C!
2019-08-23 17:10:01,142 - automatorLogger - WARNING - 2
2019-08-23 17:10:01,142 - automatorLogger - WARNING - Stop pressing the CTRL+C!
2019-08-23 17:10:01,143 - automatorLogger - WARNING - 2
2019-08-23 17:12:24,894 - automatorLogger - WARNING - True
2019-08-23 17:12:25,898 - automatorLogger - WARNING - hi theis 2
2019-08-23 17:12:26,899 - automatorLogger - WARNING - hellow world 3
2019-08-23 17:12:27,901 - automatorLogger - WARNING - hi theis 2
2019-08-23 17:12:29,904 - automatorLogger - WARNING - hellow world 3
2019-08-23 17:12:29,904 - automatorLogger - WARNING - hi theis 2
2019-08-23 17:12:31,907 - automatorLogger - WARNING - hi theis 2
2019-08-23 17:12:32,909 - automatorLogger - WARNING - hellow world 3
2019-08-23 17:12:33,778 - automatorLogger - WARNING - True
2019-08-23 17:12:33,911 - automatorLogger - WARNING - hi theis 2
2019-08-23 17:12:33,959 - automatorLogger - WARNING - True
2019-08-23 17:12:35,914 - automatorLogger - WARNING - hellow world 3
2019-08-23 17:12:35,914 - automatorLogger - WARNING - hi theis 2
2019-08-23 17:12:37,449 - automatorLogger - WARNING - Stop pressing the CTRL+C!
2019-08-23 17:12:37,449 - automatorLogger - WARNING - 2
2019-08-23 17:12:37,449 - automatorLogger - WARNING - Stop pressing the CTRL+C!
2019-08-23 17:12:37,450 - automatorLogger - WARNING - 2
2019-08-23 17:13:23,109 - automatorLogger - WARNING - True
2019-08-23 17:13:23,121 - automatorLogger - WARNING - hi theis 2
2019-08-23 17:13:24,123 - automatorLogger - WARNING - hellow world 3
2019-08-23 17:13:25,125 - automatorLogger - WARNING - hi theis 2
2019-08-23 17:13:26,126 - automatorLogger - WARNING - hellow world 3
2019-08-23 17:13:27,128 - automatorLogger - WARNING - hellow world 3
2019-08-23 17:13:27,129 - automatorLogger - WARNING - hi theis 2
2019-08-23 17:13:29,131 - automatorLogger - WARNING - hi theis 2
2019-08-23 17:13:30,133 - automatorLogger - WARNING - hellow world 3
2019-08-23 17:13:30,541 - automatorLogger - WARNING - Stop pressing the CTRL+C!
2019-08-23 17:13:30,541 - automatorLogger - WARNING - Stop pressing the CTRL+C!
2019-08-23 17:13:30,541 - automatorLogger - WARNING - 2
2019-08-23 17:13:30,542 - automatorLogger - WARNING - 2
2019-08-23 17:13:30,541 - automatorLogger - WARNING - Stop pressing the CTRL+C!
2019-08-23 17:13:30,542 - automatorLogger - WARNING - 2
2019-08-23 17:14:24,413 - automatorLogger - WARNING - True
2019-08-23 17:14:24,672 - automatorLogger - WARNING - True
2019-08-23 17:14:24,824 - automatorLogger - WARNING - True
2019-08-23 17:14:25,420 - automatorLogger - WARNING - hi theis 2
2019-08-23 17:14:26,422 - automatorLogger - WARNING - hellow world 3
2019-08-23 17:14:30,493 - automatorLogger - WARNING - Stop pressing the CTRL+C!
2019-08-23 17:14:30,494 - automatorLogger - WARNING - 2
2019-08-23 17:14:30,494 - automatorLogger - WARNING - Stop pressing the CTRL+C!
2019-08-23 17:14:30,495 - automatorLogger - WARNING - 2
2019-08-23 17:15:13,692 - automatorLogger - WARNING - True
2019-08-23 17:15:13,697 - automatorLogger - WARNING - hi theis 2
2019-08-23 17:15:13,698 - automatorLogger - WARNING - hellow world 3
2019-08-23 17:15:13,698 - automatorLogger - WARNING - hellow world 3
2019-08-23 17:15:15,700 - automatorLogger - WARNING - hi theis 2
2019-08-23 17:15:16,702 - automatorLogger - WARNING - hellow world 3
2019-08-23 17:15:17,703 - automatorLogger - WARNING - hi theis 2
2019-08-23 17:15:18,704 - automatorLogger - WARNING - hellow world 3
2019-08-23 17:15:19,705 - automatorLogger - WARNING - hellow world 3
2019-08-23 17:15:19,706 - automatorLogger - WARNING - hi theis 2
2019-08-23 17:15:25,115 - automatorLogger - WARNING - Stop pressing the CTRL+C!
2019-08-23 17:15:25,115 - automatorLogger - WARNING - 2
2019-08-23 17:15:25,115 - automatorLogger - WARNING - Stop pressing the CTRL+C!
2019-08-23 17:15:25,115 - automatorLogger - WARNING - 2
2019-08-23 17:15:53,983 - automatorLogger - WARNING - Stop pressing the CTRL+C!
2019-08-23 17:15:53,983 - automatorLogger - WARNING - 2
2019-08-23 17:15:53,983 - automatorLogger - WARNING - Stop pressing the CTRL+C!
2019-08-23 17:15:53,983 - automatorLogger - WARNING - 2
2019-08-23 17:15:57,386 - automatorLogger - WARNING - Stop pressing the CTRL+C!
2019-08-23 17:15:57,386 - automatorLogger - WARNING - 2
2019-08-23 17:15:57,386 - automatorLogger - WARNING - Stop pressing the CTRL+C!
2019-08-23 17:15:57,386 - automatorLogger - WARNING - 2
2019-08-23 17:16:36,466 - automatorLogger - WARNING - True
2019-08-23 17:16:36,470 - automatorLogger - WARNING - hi theis 2
2019-08-23 17:16:36,470 - automatorLogger - WARNING - hellow world 3
2019-08-23 17:16:36,470 - automatorLogger - WARNING - hellow world 3
2019-08-23 17:16:38,472 - automatorLogger - WARNING - hi theis 2
2019-08-23 17:16:39,473 - automatorLogger - WARNING - hellow world 3
2019-08-23 17:16:40,475 - automatorLogger - WARNING - hi theis 2
2019-08-23 17:16:41,477 - automatorLogger - WARNING - hellow world 3
2019-08-23 17:16:42,479 - automatorLogger - WARNING - hellow world 3
2019-08-23 17:16:42,479 - automatorLogger - WARNING - hi theis 2
2019-08-23 17:16:44,482 - automatorLogger - WARNING - hi theis 2
2019-08-23 17:16:45,484 - automatorLogger - WARNING - hellow world 3
2019-08-23 17:16:46,485 - automatorLogger - WARNING - hellow world 3
2019-08-23 17:16:46,486 - automatorLogger - WARNING - hi theis 2
2019-08-23 17:16:48,488 - automatorLogger - WARNING - hellow world 3
2019-08-23 17:16:48,489 - automatorLogger - WARNING - hi theis 2
2019-08-23 17:16:50,498 - automatorLogger - WARNING - hi theis 2
2019-08-23 17:16:51,499 - automatorLogger - WARNING - hellow world 3
2019-08-23 17:16:51,500 - automatorLogger - WARNING - hellow world 3
2019-08-23 17:16:52,261 - automatorLogger - WARNING - True
2019-08-23 17:16:52,503 - automatorLogger - WARNING - hi theis 2
2019-08-23 17:16:52,559 - automatorLogger - WARNING - True
2019-08-23 17:16:54,506 - automatorLogger - WARNING - hellow world 3
2019-08-23 17:16:54,507 - automatorLogger - WARNING - hi theis 2
2019-08-23 17:16:56,510 - automatorLogger - WARNING - hellow world 3
2019-08-23 17:16:56,510 - automatorLogger - WARNING - hi theis 2
2019-08-23 17:16:57,511 - automatorLogger - WARNING - hellow world 3
2019-08-23 17:16:58,513 - automatorLogger - WARNING - hi theis 2
2019-08-23 17:17:00,515 - automatorLogger - WARNING - hellow world 3
2019-08-23 17:17:00,516 - automatorLogger - WARNING - hi theis 2
2019-08-23 17:17:01,517 - automatorLogger - WARNING - hellow world 3
2019-08-23 17:17:02,519 - automatorLogger - WARNING - hi theis 2
2019-08-23 17:17:03,521 - automatorLogger - WARNING - hellow world 3
2019-08-23 17:17:04,523 - automatorLogger - WARNING - hi theis 2
2019-08-23 17:17:06,526 - automatorLogger - WARNING - hellow world 3
2019-08-23 17:17:06,526 - automatorLogger - WARNING - hellow world 3
2019-08-23 17:17:06,527 - automatorLogger - WARNING - hi theis 2
2019-08-23 17:17:08,530 - automatorLogger - WARNING - hi theis 2
2019-08-23 17:17:09,531 - automatorLogger - WARNING - hellow world 3
2019-08-23 17:17:10,533 - automatorLogger - WARNING - hi theis 2
2019-08-23 17:17:10,611 - automatorLogger - WARNING - Stop pressing the CTRL+C!
2019-08-23 17:17:10,611 - automatorLogger - WARNING - Stop pressing the CTRL+C!
2019-08-23 17:17:10,611 - automatorLogger - WARNING - 2
2019-08-23 17:17:10,611 - automatorLogger - WARNING - 2
2019-08-23 17:17:10,611 - automatorLogger - WARNING - Stop pressing the CTRL+C!
2019-08-23 17:17:10,612 - automatorLogger - WARNING - 2
2019-08-23 17:18:49,998 - automatorLogger - WARNING - True
2019-08-23 17:18:50,234 - automatorLogger - WARNING - True
2019-08-23 17:18:50,436 - automatorLogger - WARNING - True
2019-08-23 17:18:51,004 - automatorLogger - WARNING - hi theis 2
2019-08-23 17:18:52,006 - automatorLogger - WARNING - hellow world 3
2019-08-23 17:18:53,007 - automatorLogger - WARNING - hi theis 2
2019-08-23 17:18:54,009 - automatorLogger - WARNING - hellow world 3
2019-08-23 17:18:55,011 - automatorLogger - WARNING - hellow world 3
2019-08-23 17:18:55,011 - automatorLogger - WARNING - hi theis 2
2019-08-23 17:19:05,676 - automatorLogger - WARNING - True
2019-08-23 17:19:05,864 - automatorLogger - WARNING - True
2019-08-23 17:19:06,033 - automatorLogger - WARNING - True
2019-08-23 17:19:06,194 - automatorLogger - WARNING - True
2019-08-23 17:19:07,700 - automatorLogger - WARNING - hi theis 2
2019-08-23 17:19:08,220 - automatorLogger - WARNING - Stop pressing the CTRL+C!
2019-08-23 17:19:08,220 - automatorLogger - WARNING - Stop pressing the CTRL+C!
2019-08-23 17:19:08,221 - automatorLogger - WARNING - 2
2019-08-23 17:19:08,221 - automatorLogger - WARNING - 2
2019-08-23 17:19:08,220 - automatorLogger - WARNING - Stop pressing the CTRL+C!
2019-08-23 17:19:08,221 - automatorLogger - WARNING - 2
2019-08-23 17:19:11,598 - automatorLogger - WARNING - True
2019-08-23 17:19:11,754 - automatorLogger - WARNING - True
2019-08-23 17:19:11,933 - automatorLogger - WARNING - True
2019-08-23 17:19:12,603 - automatorLogger - WARNING - hi theis 2
2019-08-23 17:19:13,604 - automatorLogger - WARNING - hellow world 3
2019-08-23 17:19:13,765 - automatorLogger - WARNING - Stop pressing the CTRL+C!
2019-08-23 17:19:13,765 - automatorLogger - WARNING - Stop pressing the CTRL+C!
2019-08-23 17:19:13,765 - automatorLogger - WARNING - 2
2019-08-23 17:19:13,765 - automatorLogger - WARNING - 2
2019-08-23 17:19:13,766 - automatorLogger - WARNING - Stop pressing the CTRL+C!
2019-08-23 17:19:13,767 - automatorLogger - WARNING - 2
2019-08-23 17:21:14,815 - automatorLogger - WARNING - True
2019-08-23 17:21:27,037 - automatorLogger - WARNING - Stop pressing the CTRL+C!
2019-08-23 17:21:27,038 - automatorLogger - WARNING - 2
2019-08-23 17:21:27,037 - automatorLogger - WARNING - Stop pressing the CTRL+C!
2019-08-23 17:21:27,038 - automatorLogger - WARNING - 2
2019-08-23 17:21:41,822 - automatorLogger - WARNING - True
2019-08-23 17:21:41,826 - automatorLogger - WARNING - hellow world 3
2019-08-23 17:21:42,827 - automatorLogger - WARNING - hellow world 3
2019-08-23 17:21:43,829 - automatorLogger - WARNING - hellow world 3
2019-08-23 17:21:44,831 - automatorLogger - WARNING - hellow world 3
2019-08-23 17:21:45,832 - automatorLogger - WARNING - hellow world 3
2019-08-23 17:21:46,834 - automatorLogger - WARNING - hellow world 3
2019-08-23 17:21:47,836 - automatorLogger - WARNING - hellow world 3
2019-08-23 17:21:48,838 - automatorLogger - WARNING - hellow world 3
2019-08-23 17:21:49,839 - automatorLogger - WARNING - hellow world 3
2019-08-23 17:21:50,841 - automatorLogger - WARNING - hellow world 3
2019-08-23 17:21:51,843 - automatorLogger - WARNING - hi theis 2
2019-08-23 17:21:51,843 - automatorLogger - WARNING - hellow world 3
2019-08-23 17:21:52,844 - automatorLogger - WARNING - hellow world 3
2019-08-23 17:21:52,844 - automatorLogger - WARNING - hellow world 3
2019-08-23 17:21:53,846 - automatorLogger - WARNING - hellow world 3
2019-08-23 17:21:54,606 - automatorLogger - WARNING - Stop pressing the CTRL+C!
2019-08-23 17:21:54,606 - automatorLogger - WARNING - 2
2019-08-23 17:21:54,606 - automatorLogger - WARNING - Stop pressing the CTRL+C!
2019-08-23 17:21:54,607 - automatorLogger - WARNING - 2
2019-08-25 10:31:58,293 - automatorLogger - WARNING - True
2019-08-25 10:31:58,298 - automatorLogger - WARNING - hellow world 3
2019-08-25 10:31:59,305 - automatorLogger - WARNING - hellow world 3
2019-08-25 10:32:05,311 - automatorLogger - WARNING - hi theis 2
2019-08-25 10:32:05,312 - automatorLogger - WARNING - hellow world 3
2019-08-25 10:32:06,313 - automatorLogger - WARNING - hellow world 3
2019-08-25 10:32:06,314 - automatorLogger - WARNING - hellow world 3
2019-08-25 10:32:06,314 - automatorLogger - WARNING - hellow world 3
2019-08-25 10:32:07,315 - automatorLogger - WARNING - hellow world 3
2019-08-25 10:32:08,317 - automatorLogger - WARNING - hellow world 3
2019-08-25 10:32:09,318 - automatorLogger - WARNING - hellow world 3
2019-08-25 10:32:10,319 - automatorLogger - WARNING - hellow world 3
2019-08-25 10:32:11,321 - automatorLogger - WARNING - hellow world 3
2019-08-25 10:32:12,323 - automatorLogger - WARNING - hellow world 3
2019-08-25 10:32:13,323 - automatorLogger - WARNING - hellow world 3
2019-08-25 10:32:14,325 - automatorLogger - WARNING - hellow world 3
2019-08-25 10:32:15,327 - automatorLogger - WARNING - hellow world 3
2019-08-25 10:32:16,328 - automatorLogger - WARNING - hellow world 3
2019-08-25 10:32:22,331 - automatorLogger - WARNING - hi theis 2
2019-08-25 10:32:22,332 - automatorLogger - WARNING - hellow world 3
2019-08-25 10:32:23,333 - automatorLogger - WARNING - hellow world 3
2019-08-25 10:32:23,334 - automatorLogger - WARNING - hellow world 3
2019-08-25 10:32:23,334 - automatorLogger - WARNING - hellow world 3
2019-08-25 10:32:24,335 - automatorLogger - WARNING - hellow world 3
2019-08-25 10:32:25,337 - automatorLogger - WARNING - hellow world 3
2019-08-25 10:32:26,338 - automatorLogger - WARNING - hellow world 3
2019-08-25 10:32:27,340 - automatorLogger - WARNING - hellow world 3
2019-08-25 10:32:28,342 - automatorLogger - WARNING - hellow world 3
2019-08-25 10:32:29,343 - automatorLogger - WARNING - hellow world 3
2019-08-25 10:32:30,345 - automatorLogger - WARNING - hellow world 3
2019-08-25 10:32:31,346 - automatorLogger - WARNING - hellow world 3
2019-08-25 10:32:32,347 - automatorLogger - WARNING - hellow world 3
2019-08-25 10:32:33,349 - automatorLogger - WARNING - hellow world 3
2019-08-25 10:32:39,355 - automatorLogger - WARNING - hi theis 2
2019-08-25 10:32:39,356 - automatorLogger - WARNING - hellow world 3
2019-08-25 10:32:40,357 - automatorLogger - WARNING - hellow world 3
2019-08-25 10:32:40,357 - automatorLogger - WARNING - hellow world 3
2019-08-25 10:32:40,358 - automatorLogger - WARNING - hellow world 3
2019-08-25 10:32:41,359 - automatorLogger - WARNING - hellow world 3
2019-08-25 10:32:42,367 - automatorLogger - WARNING - hellow world 3
2019-08-25 10:32:43,369 - automatorLogger - WARNING - hellow world 3
2019-08-25 10:32:44,370 - automatorLogger - WARNING - hellow world 3
2019-08-25 10:32:45,371 - automatorLogger - WARNING - hellow world 3
2019-08-25 10:32:46,373 - automatorLogger - WARNING - hellow world 3
2019-08-25 10:32:47,375 - automatorLogger - WARNING - hellow world 3
2019-08-25 10:32:48,375 - automatorLogger - WARNING - hellow world 3
2019-08-25 10:32:49,377 - automatorLogger - WARNING - hellow world 3
2019-08-25 10:32:50,378 - automatorLogger - WARNING - hellow world 3
2019-08-25 10:32:56,383 - automatorLogger - WARNING - hi theis 2
2019-08-25 10:32:56,383 - automatorLogger - WARNING - hellow world 3
2019-08-25 10:32:57,385 - automatorLogger - WARNING - hellow world 3
2019-08-25 10:32:57,385 - automatorLogger - WARNING - hellow world 3
2019-08-25 10:32:57,385 - automatorLogger - WARNING - hellow world 3
2019-08-25 10:32:58,387 - automatorLogger - WARNING - hellow world 3
2019-08-25 10:32:59,389 - automatorLogger - WARNING - hellow world 3
2019-08-25 10:33:00,390 - automatorLogger - WARNING - hellow world 3
2019-08-25 10:33:01,391 - automatorLogger - WARNING - hellow world 3
2019-08-25 10:33:02,393 - automatorLogger - WARNING - hellow world 3
2019-08-25 10:33:03,394 - automatorLogger - WARNING - hellow world 3
2019-08-25 10:33:04,395 - automatorLogger - WARNING - hellow world 3
2019-08-25 10:33:05,396 - automatorLogger - WARNING - hellow world 3
2019-08-25 10:33:06,398 - automatorLogger - WARNING - hellow world 3
2019-08-25 10:33:07,399 - automatorLogger - WARNING - hellow world 3
2019-08-25 10:33:13,403 - automatorLogger - WARNING - hi theis 2
2019-08-25 10:33:13,404 - automatorLogger - WARNING - hellow world 3
2019-08-25 10:33:14,405 - automatorLogger - WARNING - hellow world 3
2019-08-25 10:33:14,405 - automatorLogger - WARNING - hellow world 3
2019-08-25 10:33:14,406 - automatorLogger - WARNING - hellow world 3
2019-08-25 10:33:15,407 - automatorLogger - WARNING - hellow world 3
2019-08-25 10:33:16,408 - automatorLogger - WARNING - hellow world 3
2019-08-25 10:33:17,410 - automatorLogger - WARNING - hellow world 3
2019-08-25 10:33:18,411 - automatorLogger - WARNING - hellow world 3
2019-08-25 10:33:19,413 - automatorLogger - WARNING - hellow world 3
2019-08-25 10:33:20,414 - automatorLogger - WARNING - hellow world 3
2019-08-25 10:33:21,416 - automatorLogger - WARNING - hellow world 3
2019-08-25 10:33:22,417 - automatorLogger - WARNING - hellow world 3
2019-08-25 10:33:23,419 - automatorLogger - WARNING - hellow world 3
2019-08-25 10:33:24,421 - automatorLogger - WARNING - hellow world 3
2019-08-25 10:33:30,427 - automatorLogger - WARNING - hi theis 2
2019-08-25 10:33:30,428 - automatorLogger - WARNING - hellow world 3
2019-08-25 10:33:31,429 - automatorLogger - WARNING - hellow world 3
2019-08-25 10:33:31,429 - automatorLogger - WARNING - hellow world 3
2019-08-25 10:33:31,429 - automatorLogger - WARNING - hellow world 3
2019-08-25 10:33:32,431 - automatorLogger - WARNING - hellow world 3
2019-08-25 10:33:33,431 - automatorLogger - WARNING - hellow world 3
2019-08-25 10:33:34,433 - automatorLogger - WARNING - hellow world 3
2019-08-25 10:33:35,434 - automatorLogger - WARNING - hellow world 3
2019-08-25 10:33:36,435 - automatorLogger - WARNING - hellow world 3
2019-08-25 10:33:37,437 - automatorLogger - WARNING - hellow world 3
2019-08-25 10:33:38,439 - automatorLogger - WARNING - hellow world 3
2019-08-25 10:33:39,441 - automatorLogger - WARNING - hellow world 3
2019-08-25 10:33:40,443 - automatorLogger - WARNING - hellow world 3
2019-08-25 10:33:41,443 - automatorLogger - WARNING - hellow world 3
2019-08-25 10:33:47,447 - automatorLogger - WARNING - hi theis 2
2019-08-25 10:33:47,447 - automatorLogger - WARNING - hellow world 3
2019-08-25 10:33:48,449 - automatorLogger - WARNING - hellow world 3
2019-08-25 10:33:48,449 - automatorLogger - WARNING - hellow world 3
2019-08-25 10:33:48,449 - automatorLogger - WARNING - hellow world 3
2019-08-25 10:33:49,451 - automatorLogger - WARNING - hellow world 3
2019-08-25 10:33:50,453 - automatorLogger - WARNING - hellow world 3
2019-08-25 10:33:51,454 - automatorLogger - WARNING - hellow world 3
2019-08-25 10:33:52,455 - automatorLogger - WARNING - hellow world 3
2019-08-25 10:33:53,457 - automatorLogger - WARNING - hellow world 3
2019-08-25 10:33:54,459 - automatorLogger - WARNING - hellow world 3
2019-08-25 10:33:55,459 - automatorLogger - WARNING - hellow world 3
2019-08-25 10:33:56,461 - automatorLogger - WARNING - hellow world 3
2019-08-25 10:33:57,462 - automatorLogger - WARNING - hellow world 3
2019-08-25 10:33:58,463 - automatorLogger - WARNING - hellow world 3
2019-08-25 10:34:04,471 - automatorLogger - WARNING - hi theis 2
2019-08-25 10:34:04,471 - automatorLogger - WARNING - hellow world 3
2019-08-25 10:34:05,472 - automatorLogger - WARNING - hellow world 3
2019-08-25 10:34:05,473 - automatorLogger - WARNING - hellow world 3
2019-08-25 10:34:05,473 - automatorLogger - WARNING - hellow world 3
2019-08-25 10:34:06,474 - automatorLogger - WARNING - hellow world 3
2019-08-25 10:34:07,475 - automatorLogger - WARNING - hellow world 3
2019-08-25 10:34:08,476 - automatorLogger - WARNING - hellow world 3
2019-08-25 10:34:09,478 - automatorLogger - WARNING - hellow world 3
2019-08-25 10:34:10,479 - automatorLogger - WARNING - hellow world 3
2019-08-25 10:34:11,481 - automatorLogger - WARNING - hellow world 3
2019-08-25 10:34:12,482 - automatorLogger - WARNING - hellow world 3
2019-08-25 10:34:13,483 - automatorLogger - WARNING - hellow world 3
2019-08-25 10:34:14,484 - automatorLogger - WARNING - hellow world 3
2019-08-25 10:34:15,486 - automatorLogger - WARNING - hellow world 3
2019-08-25 10:34:21,491 - automatorLogger - WARNING - hi theis 2
2019-08-25 10:34:21,491 - automatorLogger - WARNING - hellow world 3
2019-08-25 10:34:22,493 - automatorLogger - WARNING - hellow world 3
2019-08-25 10:34:22,493 - automatorLogger - WARNING - hellow world 3
2019-08-25 10:34:22,493 - automatorLogger - WARNING - hellow world 3
2019-08-25 10:34:23,494 - automatorLogger - WARNING - hellow world 3
2019-08-25 10:34:24,495 - automatorLogger - WARNING - hellow world 3
2019-08-25 10:34:25,497 - automatorLogger - WARNING - hellow world 3
2019-08-25 10:34:26,499 - automatorLogger - WARNING - hellow world 3
2019-08-25 10:34:27,500 - automatorLogger - WARNING - hellow world 3
2019-08-25 10:34:28,502 - automatorLogger - WARNING - hellow world 3
2019-08-25 10:34:29,503 - automatorLogger - WARNING - hellow world 3
2019-08-25 10:34:30,504 - automatorLogger - WARNING - hellow world 3
2019-08-25 10:34:31,425 - automatorLogger - WARNING - Stop pressing the CTRL+C!
2019-08-25 10:34:31,426 - automatorLogger - WARNING - 2
2019-08-25 10:34:31,425 - automatorLogger - WARNING - Stop pressing the CTRL+C!
2019-08-25 10:34:31,426 - automatorLogger - WARNING - 2
2019-08-25 10:34:50,541 - automatorLogger - WARNING - True
2019-08-25 10:34:50,547 - automatorLogger - WARNING - hellow world 3
2019-08-25 10:34:55,551 - automatorLogger - WARNING - hi theis 2
2019-08-25 10:34:55,552 - automatorLogger - WARNING - hellow world 3
2019-08-25 10:34:55,552 - automatorLogger - WARNING - hellow world 3
2019-08-25 10:34:56,554 - automatorLogger - WARNING - hellow world 3
2019-08-25 10:34:57,555 - automatorLogger - WARNING - hellow world 3
2019-08-25 10:34:58,557 - automatorLogger - WARNING - hellow world 3
2019-08-25 10:34:59,559 - automatorLogger - WARNING - hellow world 3
2019-08-25 10:35:00,560 - automatorLogger - WARNING - hellow world 3
2019-08-25 10:35:01,562 - automatorLogger - WARNING - hellow world 3
2019-08-25 10:35:02,563 - automatorLogger - WARNING - hellow world 3
2019-08-25 10:35:03,565 - automatorLogger - WARNING - hellow world 3
2019-08-25 10:35:04,566 - automatorLogger - WARNING - hellow world 3
2019-08-25 10:35:05,567 - automatorLogger - WARNING - hellow world 3
2019-08-25 10:35:06,569 - automatorLogger - WARNING - hellow world 3
2019-08-25 10:35:12,575 - automatorLogger - WARNING - hi theis 2
2019-08-25 10:35:12,575 - automatorLogger - WARNING - hellow world 3
2019-08-25 10:35:13,577 - automatorLogger - WARNING - hellow world 3
2019-08-25 10:35:13,577 - automatorLogger - WARNING - hellow world 3
2019-08-25 10:35:13,578 - automatorLogger - WARNING - hellow world 3
2019-08-25 10:35:14,579 - automatorLogger - WARNING - hellow world 3
2019-08-25 10:35:15,581 - automatorLogger - WARNING - hellow world 3
2019-08-25 10:35:16,582 - automatorLogger - WARNING - hellow world 3
2019-08-25 10:35:17,583 - automatorLogger - WARNING - hellow world 3
2019-08-25 10:35:18,584 - automatorLogger - WARNING - hellow world 3
2019-08-25 10:35:19,586 - automatorLogger - WARNING - hellow world 3
2019-08-25 10:35:20,587 - automatorLogger - WARNING - hellow world 3
2019-08-25 10:35:21,589 - automatorLogger - WARNING - hellow world 3
2019-08-25 10:35:22,590 - automatorLogger - WARNING - hellow world 3
2019-08-25 10:35:23,591 - automatorLogger - WARNING - hellow world 3
2019-08-25 10:35:29,595 - automatorLogger - WARNING - hi theis 2
2019-08-25 10:35:29,596 - automatorLogger - WARNING - hellow world 3
2019-08-25 10:35:30,597 - automatorLogger - WARNING - hellow world 3
2019-08-25 10:35:30,598 - automatorLogger - WARNING - hellow world 3
2019-08-25 10:35:30,598 - automatorLogger - WARNING - hellow world 3
2019-08-25 10:35:31,599 - automatorLogger - WARNING - hellow world 3
2019-08-25 10:35:32,601 - automatorLogger - WARNING - hellow world 3
2019-08-25 10:35:33,602 - automatorLogger - WARNING - hellow world 3
2019-08-25 10:35:34,603 - automatorLogger - WARNING - hellow world 3
2019-08-25 10:35:35,605 - automatorLogger - WARNING - hellow world 3
2019-08-25 10:35:36,606 - automatorLogger - WARNING - hellow world 3
2019-08-25 10:35:37,607 - automatorLogger - WARNING - hellow world 3
2019-08-25 10:35:38,609 - automatorLogger - WARNING - hellow world 3
2019-08-25 10:35:39,610 - automatorLogger - WARNING - hellow world 3
2019-08-25 10:35:40,611 - automatorLogger - WARNING - hellow world 3
2019-08-25 10:35:46,615 - automatorLogger - WARNING - hi theis 2
2019-08-25 10:35:46,615 - automatorLogger - WARNING - hellow world 3
2019-08-25 10:35:47,617 - automatorLogger - WARNING - hellow world 3
2019-08-25 10:35:47,617 - automatorLogger - WARNING - hellow world 3
2019-08-25 10:35:47,617 - automatorLogger - WARNING - hellow world 3
2019-08-25 10:35:48,618 - automatorLogger - WARNING - hellow world 3
2019-08-25 10:35:49,619 - automatorLogger - WARNING - hellow world 3
2019-08-25 10:35:50,621 - automatorLogger - WARNING - hellow world 3
2019-08-25 10:35:51,622 - automatorLogger - WARNING - hellow world 3
2019-08-25 10:35:52,623 - automatorLogger - WARNING - hellow world 3
2019-08-25 10:35:53,625 - automatorLogger - WARNING - hellow world 3
2019-08-25 10:35:54,626 - automatorLogger - WARNING - hellow world 3
2019-08-25 10:36:20,641 - automatorLogger - WARNING - True
2019-08-25 10:36:20,648 - automatorLogger - WARNING - print time functino.
2019-08-25 10:36:25,651 - automatorLogger - WARNING - this is sleep function
2019-08-25 10:36:25,651 - automatorLogger - WARNING - print time functino.
2019-08-25 10:36:25,651 - automatorLogger - WARNING - print time functino.
2019-08-25 10:36:26,653 - automatorLogger - WARNING - print time functino.
2019-08-25 10:36:27,654 - automatorLogger - WARNING - print time functino.
2019-08-25 10:36:28,655 - automatorLogger - WARNING - print time functino.
2019-08-25 10:36:29,657 - automatorLogger - WARNING - print time functino.
2019-08-25 10:36:30,659 - automatorLogger - WARNING - print time functino.
2019-08-25 10:36:31,660 - automatorLogger - WARNING - print time functino.
2019-08-25 10:36:32,662 - automatorLogger - WARNING - print time functino.
2019-08-25 10:36:33,663 - automatorLogger - WARNING - print time functino.
2019-08-25 10:36:34,664 - automatorLogger - WARNING - print time functino.
2019-08-25 10:36:35,665 - automatorLogger - WARNING - print time functino.
2019-08-25 10:36:36,667 - automatorLogger - WARNING - print time functino.
2019-08-25 10:36:42,671 - automatorLogger - WARNING - this is sleep function
2019-08-25 10:36:42,672 - automatorLogger - WARNING - print time functino.
2019-08-25 10:36:43,673 - automatorLogger - WARNING - print time functino.
2019-08-25 10:36:43,674 - automatorLogger - WARNING - print time functino.
2019-08-25 10:36:43,674 - automatorLogger - WARNING - print time functino.
2019-08-25 10:36:44,675 - automatorLogger - WARNING - print time functino.
2019-08-25 10:36:45,677 - automatorLogger - WARNING - print time functino.
2019-08-25 10:36:46,679 - automatorLogger - WARNING - print time functino.
2019-08-25 10:36:47,679 - automatorLogger - WARNING - print time functino.
2019-08-25 10:36:48,680 - automatorLogger - WARNING - print time functino.
2019-08-25 10:36:49,682 - automatorLogger - WARNING - print time functino.
2019-08-25 10:36:50,683 - automatorLogger - WARNING - print time functino.
2019-08-25 10:36:51,685 - automatorLogger - WARNING - print time functino.
2019-08-25 10:36:52,686 - automatorLogger - WARNING - print time functino.
2019-08-25 10:36:53,687 - automatorLogger - WARNING - print time functino.
2019-08-25 10:36:59,691 - automatorLogger - WARNING - this is sleep function
2019-08-25 10:36:59,691 - automatorLogger - WARNING - print time functino.
2019-08-25 10:37:00,693 - automatorLogger - WARNING - print time functino.
2019-08-25 10:37:00,693 - automatorLogger - WARNING - print time functino.
2019-08-25 10:37:00,693 - automatorLogger - WARNING - print time functino.
2019-08-25 10:37:01,695 - automatorLogger - WARNING - print time functino.
2019-08-25 10:37:02,695 - automatorLogger - WARNING - print time functino.
2019-08-25 10:37:03,697 - automatorLogger - WARNING - print time functino.
2019-08-25 10:37:04,698 - automatorLogger - WARNING - print time functino.
2019-08-25 10:37:05,699 - automatorLogger - WARNING - print time functino.
2019-08-25 10:37:06,701 - automatorLogger - WARNING - print time functino.
2019-08-25 10:37:07,702 - automatorLogger - WARNING - print time functino.
2019-08-25 10:37:08,703 - automatorLogger - WARNING - print time functino.
2019-08-25 10:37:09,705 - automatorLogger - WARNING - print time functino.
2019-08-25 10:37:10,707 - automatorLogger - WARNING - print time functino.
2019-08-25 10:37:16,711 - automatorLogger - WARNING - this is sleep function
2019-08-25 10:37:16,712 - automatorLogger - WARNING - print time functino.
2019-08-25 10:37:17,713 - automatorLogger - WARNING - print time functino.
2019-08-25 10:37:17,714 - automatorLogger - WARNING - print time functino.
2019-08-25 10:37:17,714 - automatorLogger - WARNING - print time functino.
2019-08-25 10:37:18,715 - automatorLogger - WARNING - print time functino.
2019-08-25 10:37:19,717 - automatorLogger - WARNING - print time functino.
2019-08-25 10:37:20,718 - automatorLogger - WARNING - print time functino.
2019-08-25 10:37:21,719 - automatorLogger - WARNING - print time functino.
2019-08-25 10:37:22,721 - automatorLogger - WARNING - print time functino.
2019-08-25 10:37:23,722 - automatorLogger - WARNING - print time functino.
2019-08-25 10:37:24,723 - automatorLogger - WARNING - print time functino.
2019-08-25 10:37:25,725 - automatorLogger - WARNING - print time functino.
2019-08-25 10:37:26,727 - automatorLogger - WARNING - print time functino.
2019-08-25 10:37:27,729 - automatorLogger - WARNING - print time functino.
2019-08-25 10:37:33,735 - automatorLogger - WARNING - this is sleep function
2019-08-25 10:37:33,735 - automatorLogger - WARNING - print time functino.
2019-08-25 10:37:34,737 - automatorLogger - WARNING - print time functino.
2019-08-25 10:37:34,737 - automatorLogger - WARNING - print time functino.
2019-08-25 10:37:34,737 - automatorLogger - WARNING - print time functino.
2019-08-25 10:37:35,739 - automatorLogger - WARNING - print time functino.
2019-08-25 10:37:36,741 - automatorLogger - WARNING - print time functino.
2019-08-25 10:37:37,742 - automatorLogger - WARNING - print time functino.
2019-08-25 10:37:38,743 - automatorLogger - WARNING - print time functino.
2019-08-25 10:37:39,745 - automatorLogger - WARNING - print time functino.
2019-08-25 10:37:40,746 - automatorLogger - WARNING - print time functino.
2019-08-25 10:37:41,747 - automatorLogger - WARNING - print time functino.
2019-08-25 10:37:42,749 - automatorLogger - WARNING - print time functino.
2019-08-25 10:37:43,750 - automatorLogger - WARNING - print time functino.
2019-08-25 10:37:44,751 - automatorLogger - WARNING - print time functino.
2019-08-25 10:37:50,755 - automatorLogger - WARNING - this is sleep function
2019-08-25 10:37:50,756 - automatorLogger - WARNING - print time functino.
2019-08-25 10:37:51,757 - automatorLogger - WARNING - print time functino.
2019-08-25 10:37:51,758 - automatorLogger - WARNING - print time functino.
2019-08-25 10:37:51,758 - automatorLogger - WARNING - print time functino.
2019-08-25 10:37:52,759 - automatorLogger - WARNING - print time functino.
2019-08-25 10:37:53,761 - automatorLogger - WARNING - print time functino.
2019-08-25 10:37:54,762 - automatorLogger - WARNING - print time functino.
2019-08-25 10:37:55,764 - automatorLogger - WARNING - print time functino.
2019-08-25 10:37:56,766 - automatorLogger - WARNING - print time functino.
2019-08-25 10:37:57,767 - automatorLogger - WARNING - print time functino.
2019-08-25 10:37:58,769 - automatorLogger - WARNING - print time functino.
2019-08-25 10:37:59,770 - automatorLogger - WARNING - print time functino.
2019-08-25 10:38:00,771 - automatorLogger - WARNING - print time functino.
2019-08-25 10:38:01,773 - automatorLogger - WARNING - print time functino.
2019-08-25 10:38:26,220 - automatorLogger - WARNING - True
2019-08-25 10:38:26,223 - automatorLogger - WARNING - print time functino.
2019-08-25 10:38:31,231 - automatorLogger - WARNING - this is sleep function
2019-08-25 10:38:32,233 - automatorLogger - WARNING - print time functino.
2019-08-25 10:38:38,239 - automatorLogger - WARNING - this is sleep function
2019-08-25 10:38:43,243 - automatorLogger - WARNING - this is sleep function
2019-08-25 10:38:43,243 - automatorLogger - WARNING - print time functino.
2019-08-25 10:38:44,245 - automatorLogger - WARNING - print time functino.
2019-08-25 10:38:50,251 - automatorLogger - WARNING - this is sleep function
2019-08-25 10:38:50,251 - automatorLogger - WARNING - print time functino.
2019-08-25 10:38:56,255 - automatorLogger - WARNING - this is sleep function
2019-08-25 10:38:56,256 - automatorLogger - WARNING - print time functino.
2019-08-25 10:39:02,259 - automatorLogger - WARNING - this is sleep function
2019-08-25 10:39:02,260 - automatorLogger - WARNING - print time functino.
2019-08-25 10:39:03,261 - automatorLogger - WARNING - print time functino.
2019-08-25 10:39:09,267 - automatorLogger - WARNING - this is sleep function
2019-08-25 10:39:09,267 - automatorLogger - WARNING - print time functino.
2019-08-25 10:39:15,271 - automatorLogger - WARNING - this is sleep function
2019-08-25 10:39:15,279 - automatorLogger - WARNING - print time functino.
2019-08-25 10:39:21,283 - automatorLogger - WARNING - this is sleep function
2019-08-25 10:39:21,284 - automatorLogger - WARNING - print time functino.
2019-08-25 10:39:22,285 - automatorLogger - WARNING - print time functino.
2019-08-25 10:39:28,291 - automatorLogger - WARNING - this is sleep function
2019-08-25 10:39:28,292 - automatorLogger - WARNING - print time functino.
2019-08-25 10:39:29,837 - automatorLogger - WARNING - Stop pressing the CTRL+C!
2019-08-25 10:39:29,838 - automatorLogger - WARNING - 2
2019-08-25 10:39:29,838 - automatorLogger - WARNING - Stop pressing the CTRL+C!
2019-08-25 10:39:29,837 - automatorLogger - WARNING - Stop pressing the CTRL+C!
2019-08-25 10:39:29,838 - automatorLogger - WARNING - 2
2019-08-25 10:39:29,838 - automatorLogger - WARNING - 2
2019-08-25 10:39:48,080 - automatorLogger - WARNING - True
2019-08-25 10:39:48,103 - automatorLogger - WARNING - print time functino.
2019-08-25 10:40:09,133 - automatorLogger - WARNING - this is sleep function
2019-08-25 10:40:09,134 - automatorLogger - WARNING - print time functino.
2019-08-25 10:40:30,155 - automatorLogger - WARNING - this is sleep function
2019-08-25 10:40:30,156 - automatorLogger - WARNING - print time functino.
2019-08-25 10:40:42,791 - automatorLogger - WARNING - Stop pressing the CTRL+C!
2019-08-25 10:40:42,791 - automatorLogger - WARNING - Stop pressing the CTRL+C!
2019-08-25 10:40:42,792 - automatorLogger - WARNING - 2
2019-08-25 10:40:42,791 - automatorLogger - WARNING - Stop pressing the CTRL+C!
2019-08-25 10:40:42,792 - automatorLogger - WARNING - 2
2019-08-25 10:40:42,792 - automatorLogger - WARNING - 2
2019-08-25 10:48:34,546 - automatorLogger - WARNING - Stop pressing the CTRL+C!
2019-08-25 10:48:34,547 - automatorLogger - WARNING - Stop pressing the CTRL+C!
2019-08-25 10:48:34,554 - automatorLogger - WARNING - 2
2019-08-25 10:48:34,554 - automatorLogger - WARNING - 2
2019-08-28 19:39:04,353 - automatorLogger - WARNING - Stop pressing the CTRL+C!
2019-08-28 19:39:04,353 - automatorLogger - WARNING - Stop pressing the CTRL+C!
2019-08-28 19:39:04,360 - automatorLogger - WARNING - 2
2019-08-28 19:39:04,360 - automatorLogger - WARNING - 2
2019-08-28 19:39:04,784 - automatorLogger - WARNING - Stop pressing the CTRL+C!
2019-08-28 19:39:04,785 - automatorLogger - WARNING - 2
2019-08-28 19:40:21,725 - automatorLogger - WARNING - True
2019-08-28 19:40:45,562 - automatorLogger - WARNING - True
2019-08-28 19:40:45,815 - automatorLogger - WARNING - True
2019-08-28 19:40:45,985 - automatorLogger - WARNING - True
2019-08-28 19:40:46,158 - automatorLogger - WARNING - True
2019-08-28 19:41:09,820 - automatorLogger - WARNING - True
2019-08-28 19:41:10,031 - automatorLogger - WARNING - True
2019-08-28 19:41:10,205 - automatorLogger - WARNING - True
2019-08-28 19:42:12,571 - automatorLogger - WARNING - True
2019-08-28 19:43:19,851 - automatorLogger - WARNING - Stop pressing the CTRL+C!
2019-08-28 19:43:19,852 - automatorLogger - WARNING - 2
2019-08-28 19:43:19,852 - automatorLogger - WARNING - Stop pressing the CTRL+C!
2019-08-28 19:43:19,852 - automatorLogger - WARNING - Stop pressing the CTRL+C!
2019-08-28 19:43:19,854 - automatorLogger - WARNING - 2
2019-08-28 19:43:20,550 - automatorLogger - WARNING - Stop pressing the CTRL+C!
2019-08-28 19:43:20,551 - automatorLogger - WARNING - 2
2019-08-28 19:43:23,572 - automatorLogger - WARNING - True
2019-08-28 19:43:23,948 - automatorLogger - WARNING - True
2019-08-28 19:43:32,479 - automatorLogger - WARNING - Stop pressing the CTRL+C!
2019-08-28 19:43:32,479 - automatorLogger - WARNING - Stop pressing the CTRL+C!
2019-08-28 19:43:32,480 - automatorLogger - WARNING - 2
2019-08-28 19:43:32,480 - automatorLogger - WARNING - 2
2019-08-28 19:43:32,682 - automatorLogger - WARNING - Stop pressing the CTRL+C!
2019-08-28 19:43:32,682 - automatorLogger - WARNING - 2
2019-08-28 19:43:45,065 - automatorLogger - WARNING - True
2019-08-28 19:43:46,071 - automatorLogger - WARNING - i am here to die<Thread(Thread-3, started daemon 140300534146816)>
2019-08-28 19:43:48,074 - automatorLogger - WARNING - i am here to die<Thread(Thread-3, started daemon 140300534146816)>
2019-08-28 19:43:50,077 - automatorLogger - WARNING - i am here to die<Thread(Thread-3, started daemon 140300534146816)>
2019-08-28 19:43:52,080 - automatorLogger - WARNING - i am here to die<Thread(Thread-3, started daemon 140300534146816)>
2019-08-28 19:43:54,083 - automatorLogger - WARNING - i am here to die<Thread(Thread-3, started daemon 140300534146816)>
2019-08-28 19:43:56,086 - automatorLogger - WARNING - i am here to die<Thread(Thread-3, started daemon 140300534146816)>
2019-08-28 19:43:58,089 - automatorLogger - WARNING - i am here to die<Thread(Thread-3, started daemon 140300534146816)>
2019-08-28 19:44:00,092 - automatorLogger - WARNING - i am here to die<Thread(Thread-3, started daemon 140300534146816)>
2019-08-28 19:44:00,593 - automatorLogger - WARNING - Stop pressing the CTRL+C!
2019-08-28 19:44:00,593 - automatorLogger - WARNING - Stop pressing the CTRL+C!
2019-08-28 19:44:00,594 - automatorLogger - WARNING - 2
2019-08-28 19:44:00,594 - automatorLogger - WARNING - 2
2019-08-28 19:44:00,593 - automatorLogger - WARNING - Stop pressing the CTRL+C!
2019-08-28 19:44:00,594 - automatorLogger - WARNING - 2
2019-08-28 19:44:08,400 - automatorLogger - WARNING - Stop pressing the CTRL+C!
2019-08-28 19:44:08,400 - automatorLogger - WARNING - 2
2019-08-28 19:44:39,312 - automatorLogger - WARNING - True
2019-08-28 19:44:39,550 - automatorLogger - WARNING - True
2019-08-28 19:44:39,731 - automatorLogger - WARNING - True
2019-08-28 19:44:39,893 - automatorLogger - WARNING - True
2019-08-28 19:46:32,275 - automatorLogger - WARNING - Stop pressing the CTRL+C!
2019-08-28 19:46:32,275 - automatorLogger - WARNING - Stop pressing the CTRL+C!
2019-08-28 19:46:32,275 - automatorLogger - WARNING - 2
2019-08-28 19:46:32,276 - automatorLogger - WARNING - 2
2019-08-28 19:46:32,275 - automatorLogger - WARNING - Stop pressing the CTRL+C!
2019-08-28 19:46:32,276 - automatorLogger - WARNING - 2
2019-08-28 19:46:33,038 - automatorLogger - WARNING - Stop pressing the CTRL+C!
2019-08-28 19:46:33,038 - automatorLogger - WARNING - 2
2019-08-28 19:46:36,908 - automatorLogger - WARNING - i am here to die<Thread(Thread-1, started 140379388589824)>
2019-08-28 19:46:36,908 - automatorLogger - WARNING - i am here to die<Thread(Thread-1, started 140379388589824)>
2019-08-28 19:46:38,910 - automatorLogger - WARNING - i am here to die<Thread(Thread-1, started 140379388589824)>
2019-08-28 19:46:38,910 - automatorLogger - WARNING - i am here to die<Thread(Thread-1, started 140379388589824)>
2019-08-28 19:46:40,912 - automatorLogger - WARNING - i am here to die<Thread(Thread-1, started 140379388589824)>
2019-08-28 19:46:40,912 - automatorLogger - WARNING - i am here to die<Thread(Thread-1, started 140379388589824)>
2019-08-28 19:46:42,915 - automatorLogger - WARNING - i am here to die<Thread(Thread-1, started 140379388589824)>
2019-08-28 19:46:42,915 - automatorLogger - WARNING - i am here to die<Thread(Thread-1, started 140379388589824)>
2019-08-28 19:46:44,917 - automatorLogger - WARNING - i am here to die<Thread(Thread-1, started 140379388589824)>
2019-08-28 19:46:44,917 - automatorLogger - WARNING - i am here to die<Thread(Thread-1, started 140379388589824)>
2019-08-28 19:46:46,918 - automatorLogger - WARNING - i am here to die<Thread(Thread-1, started 140379388589824)>
2019-08-28 19:46:46,919 - automatorLogger - WARNING - i am here to die<Thread(Thread-1, started 140379388589824)>
2019-08-28 19:46:48,921 - automatorLogger - WARNING - i am here to die<Thread(Thread-1, started 140379388589824)>
2019-08-28 19:46:48,922 - automatorLogger - WARNING - i am here to die<Thread(Thread-1, started 140379388589824)>
2019-08-28 19:46:50,923 - automatorLogger - WARNING - i am here to die<Thread(Thread-1, started 140379388589824)>
2019-08-28 19:46:50,923 - automatorLogger - WARNING - i am here to die<Thread(Thread-1, started 140379388589824)>
2019-08-28 19:46:52,926 - automatorLogger - WARNING - i am here to die<Thread(Thread-1, started 140379388589824)>
2019-08-28 19:46:52,927 - automatorLogger - WARNING - i am here to die<Thread(Thread-1, started 140379388589824)>
2019-08-28 19:46:54,928 - automatorLogger - WARNING - i am here to die<Thread(Thread-1, started 140379388589824)>
2019-08-28 19:46:54,929 - automatorLogger - WARNING - i am here to die<Thread(Thread-1, started 140379388589824)>
2019-08-28 19:46:56,931 - automatorLogger - WARNING - i am here to die<Thread(Thread-1, started 140379388589824)>
2019-08-28 19:46:56,931 - automatorLogger - WARNING - i am here to die<Thread(Thread-1, started 140379388589824)>
2019-08-28 19:46:58,934 - automatorLogger - WARNING - i am here to die<Thread(Thread-1, started 140379388589824)>
2019-08-28 19:46:58,934 - automatorLogger - WARNING - i am here to die<Thread(Thread-1, started 140379388589824)>
2019-08-28 19:47:00,936 - automatorLogger - WARNING - i am here to die<Thread(Thread-1, started 140379388589824)>
2019-08-28 19:47:00,936 - automatorLogger - WARNING - i am here to die<Thread(Thread-1, started 140379388589824)>
2019-08-28 19:47:02,938 - automatorLogger - WARNING - i am here to die<Thread(Thread-1, started 140379388589824)>
2019-08-28 19:47:02,939 - automatorLogger - WARNING - i am here to die<Thread(Thread-1, started 140379388589824)>
2019-08-28 19:47:04,941 - automatorLogger - WARNING - i am here to die<Thread(Thread-1, started 140379388589824)>
2019-08-28 19:47:04,941 - automatorLogger - WARNING - i am here to die<Thread(Thread-1, started 140379388589824)>
2019-08-28 19:47:06,943 - automatorLogger - WARNING - i am here to die<Thread(Thread-1, started 140379388589824)>
2019-08-28 19:47:06,943 - automatorLogger - WARNING - i am here to die<Thread(Thread-1, started 140379388589824)>
2019-08-28 19:47:08,232 - automatorLogger - WARNING - Stop pressing the CTRL+C!
2019-08-28 19:47:08,233 - automatorLogger - WARNING - 2
2019-08-28 19:47:08,233 - automatorLogger - WARNING - Stop pressing the CTRL+C!
2019-08-28 19:47:08,233 - automatorLogger - WARNING - 2
2019-08-28 19:47:08,736 - automatorLogger - WARNING - Stop pressing the CTRL+C!
2019-08-28 19:47:08,736 - automatorLogger - WARNING - 2
2019-08-28 19:47:27,019 - automatorLogger - WARNING - i am here to die<Thread(Thread-1, started 140619604977408)>
2019-08-28 19:47:27,020 - automatorLogger - WARNING - i am here to die<Thread(Thread-1, started 140619604977408)>
2019-08-28 19:47:29,022 - automatorLogger - WARNING - i am here to die<Thread(Thread-1, started 140619604977408)>
2019-08-28 19:47:29,022 - automatorLogger - WARNING - i am here to die<Thread(Thread-1, started 140619604977408)>
2019-08-28 19:47:31,024 - automatorLogger - WARNING - i am here to die<Thread(Thread-1, started 140619604977408)>
2019-08-28 19:47:31,024 - automatorLogger - WARNING - i am here to die<Thread(Thread-1, started 140619604977408)>
2019-08-28 19:47:33,027 - automatorLogger - WARNING - i am here to die<Thread(Thread-1, started 140619604977408)>
2019-08-28 19:47:33,027 - automatorLogger - WARNING - i am here to die<Thread(Thread-1, started 140619604977408)>
2019-08-28 19:47:35,029 - automatorLogger - WARNING - i am here to die<Thread(Thread-1, started 140619604977408)>
2019-08-28 19:47:35,030 - automatorLogger - WARNING - i am here to die<Thread(Thread-1, started 140619604977408)>
2019-08-28 19:47:37,031 - automatorLogger - WARNING - i am here to die<Thread(Thread-1, started 140619604977408)>
2019-08-28 19:47:37,032 - automatorLogger - WARNING - i am here to die<Thread(Thread-1, started 140619604977408)>
2019-08-28 19:47:39,034 - automatorLogger - WARNING - i am here to die<Thread(Thread-1, started 140619604977408)>
2019-08-28 19:47:39,034 - automatorLogger - WARNING - i am here to die<Thread(Thread-1, started 140619604977408)>
2019-08-28 19:47:41,036 - automatorLogger - WARNING - i am here to die<Thread(Thread-1, started 140619604977408)>
2019-08-28 19:47:41,036 - automatorLogger - WARNING - i am here to die<Thread(Thread-1, started 140619604977408)>
2019-08-28 19:47:43,039 - automatorLogger - WARNING - i am here to die<Thread(Thread-1, started 140619604977408)>
2019-08-28 19:47:43,039 - automatorLogger - WARNING - i am here to die<Thread(Thread-1, started 140619604977408)>
2019-08-28 19:47:45,041 - automatorLogger - WARNING - i am here to die<Thread(Thread-1, started 140619604977408)>
2019-08-28 19:47:45,042 - automatorLogger - WARNING - i am here to die<Thread(Thread-1, started 140619604977408)>
2019-08-28 19:47:47,044 - automatorLogger - WARNING - i am here to die<Thread(Thread-1, started 140619604977408)>
2019-08-28 19:47:47,044 - automatorLogger - WARNING - i am here to die<Thread(Thread-1, started 140619604977408)>
2019-08-28 19:47:49,046 - automatorLogger - WARNING - i am here to die<Thread(Thread-1, started 140619604977408)>
2019-08-28 19:47:49,047 - automatorLogger - WARNING - i am here to die<Thread(Thread-1, started 140619604977408)>
2019-08-28 19:47:51,049 - automatorLogger - WARNING - i am here to die<Thread(Thread-1, started 140619604977408)>
2019-08-28 19:47:51,050 - automatorLogger - WARNING - i am here to die<Thread(Thread-1, started 140619604977408)>
2019-08-28 19:47:53,052 - automatorLogger - WARNING - i am here to die<Thread(Thread-1, started 140619604977408)>
2019-08-28 19:47:53,053 - automatorLogger - WARNING - i am here to die<Thread(Thread-1, started 140619604977408)>
2019-08-28 19:47:55,055 - automatorLogger - WARNING - i am here to die<Thread(Thread-1, started 140619604977408)>
2019-08-28 19:47:55,056 - automatorLogger - WARNING - i am here to die<Thread(Thread-1, started 140619604977408)>
2019-08-28 19:47:57,057 - automatorLogger - WARNING - i am here to die<Thread(Thread-1, started 140619604977408)>
2019-08-28 19:47:57,057 - automatorLogger - WARNING - i am here to die<Thread(Thread-1, started 140619604977408)>
2019-08-28 19:47:59,059 - automatorLogger - WARNING - i am here to die<Thread(Thread-1, started 140619604977408)>
2019-08-28 19:47:59,060 - automatorLogger - WARNING - i am here to die<Thread(Thread-1, started 140619604977408)>
2019-08-28 19:48:01,062 - automatorLogger - WARNING - i am here to die<Thread(Thread-1, started 140619604977408)>
2019-08-28 19:48:01,063 - automatorLogger - WARNING - i am here to die<Thread(Thread-1, started 140619604977408)>
2019-08-28 19:48:03,065 - automatorLogger - WARNING - i am here to die<Thread(Thread-1, started 140619604977408)>
2019-08-28 19:48:03,066 - automatorLogger - WARNING - i am here to die<Thread(Thread-1, started 140619604977408)>
2019-08-28 19:48:05,068 - automatorLogger - WARNING - i am here to die<Thread(Thread-1, started 140619604977408)>
2019-08-28 19:48:05,068 - automatorLogger - WARNING - i am here to die<Thread(Thread-1, started 140619604977408)>
2019-08-28 19:48:07,071 - automatorLogger - WARNING - i am here to die<Thread(Thread-1, started 140619604977408)>
2019-08-28 19:48:07,071 - automatorLogger - WARNING - i am here to die<Thread(Thread-1, started 140619604977408)>
2019-08-28 19:48:09,073 - automatorLogger - WARNING - i am here to die<Thread(Thread-1, started 140619604977408)>
2019-08-28 19:48:09,074 - automatorLogger - WARNING - i am here to die<Thread(Thread-1, started 140619604977408)>
2019-08-28 19:48:11,076 - automatorLogger - WARNING - i am here to die<Thread(Thread-1, started 140619604977408)>
2019-08-28 19:48:11,077 - automatorLogger - WARNING - i am here to die<Thread(Thread-1, started 140619604977408)>
2019-08-28 19:48:13,079 - automatorLogger - WARNING - i am here to die<Thread(Thread-1, started 140619604977408)>
2019-08-28 19:48:13,079 - automatorLogger - WARNING - i am here to die<Thread(Thread-1, started 140619604977408)>
2019-08-28 19:48:15,081 - automatorLogger - WARNING - i am here to die<Thread(Thread-1, started 140619604977408)>
2019-08-28 19:48:15,082 - automatorLogger - WARNING - i am here to die<Thread(Thread-1, started 140619604977408)>
2019-08-28 19:48:15,415 - automatorLogger - WARNING - Stop pressing the CTRL+C!
2019-08-28 19:48:15,415 - automatorLogger - WARNING - 2
2019-08-28 19:48:15,589 - automatorLogger - WARNING - Stop pressing the CTRL+C!
2019-08-28 19:48:15,589 - automatorLogger - WARNING - 2
2019-08-28 19:48:32,392 - automatorLogger - WARNING - i am here to die<Thread(Thread-1, started 140579906074368)>
2019-08-28 19:48:32,393 - automatorLogger - WARNING - i am here to die<Thread(Thread-1, started 140579906074368)>
2019-08-28 19:48:34,396 - automatorLogger - WARNING - i am here to die<Thread(Thread-1, started 140579906074368)>
2019-08-28 19:48:34,397 - automatorLogger - WARNING - i am here to die<Thread(Thread-1, started 140579906074368)>
2019-08-28 19:48:36,399 - automatorLogger - WARNING - i am here to die<Thread(Thread-1, started 140579906074368)>
2019-08-28 19:48:36,399 - automatorLogger - WARNING - i am here to die<Thread(Thread-1, started 140579906074368)>
2019-08-28 19:48:38,402 - automatorLogger - WARNING - i am here to die<Thread(Thread-1, started 140579906074368)>
2019-08-28 19:48:38,402 - automatorLogger - WARNING - i am here to die<Thread(Thread-1, started 140579906074368)>
2019-08-28 19:48:39,630 - automatorLogger - WARNING - Stop pressing the CTRL+C!
2019-08-28 19:48:39,630 - automatorLogger - WARNING - Stop pressing the CTRL+C!
2019-08-28 19:48:39,630 - automatorLogger - WARNING - Stop pressing the CTRL+C!
2019-08-28 19:48:39,631 - automatorLogger - WARNING - 2
2019-08-28 19:48:39,631 - automatorLogger - WARNING - 2
2019-08-28 19:48:39,631 - automatorLogger - WARNING - Stop pressing the CTRL+C!
2019-08-28 19:48:39,633 - automatorLogger - WARNING - 2
2019-08-28 19:48:39,631 - automatorLogger - WARNING - 2
2019-08-28 19:48:39,956 - automatorLogger - WARNING - Stop pressing the CTRL+C!
2019-08-28 19:48:39,956 - automatorLogger - WARNING - 2
2019-08-28 19:52:06,993 - automatorLogger - WARNING - Stop pressing the CTRL+C!
2019-08-28 19:52:06,993 - automatorLogger - WARNING - Stop pressing the CTRL+C!
2019-08-28 19:52:06,993 - automatorLogger - WARNING - 2
2019-08-28 19:52:06,993 - automatorLogger - WARNING - 2
2019-08-28 19:52:14,047 - automatorLogger - WARNING - Stop pressing the CTRL+C!
2019-08-28 19:52:14,047 - automatorLogger - WARNING - 2
2019-08-28 19:53:10,819 - automatorLogger - WARNING - Stop pressing the CTRL+C!
2019-08-28 19:53:10,820 - automatorLogger - WARNING - 2
2019-08-28 19:53:10,819 - automatorLogger - WARNING - Stop pressing the CTRL+C!
2019-08-28 19:53:10,820 - automatorLogger - WARNING - 2
2019-08-28 19:53:11,237 - automatorLogger - WARNING - Stop pressing the CTRL+C!
2019-08-28 19:53:11,237 - automatorLogger - WARNING - 2
2019-08-28 19:53:30,290 - automatorLogger - WARNING - i am here to die<Thread(Thread-1, started 140598089574144)>
2019-08-28 19:53:30,291 - automatorLogger - WARNING - i am here to die<Thread(Thread-1, started 140598089574144)>
2019-08-28 19:53:32,293 - automatorLogger - WARNING - i am here to die<Thread(Thread-1, started 140598089574144)>
2019-08-28 19:53:32,293 - automatorLogger - WARNING - i am here to die<Thread(Thread-1, started 140598089574144)>
2019-08-28 19:53:34,295 - automatorLogger - WARNING - i am here to die<Thread(Thread-1, started 140598089574144)>
2019-08-28 19:53:34,295 - automatorLogger - WARNING - i am here to die<Thread(Thread-1, started 140598089574144)>
2019-08-28 19:53:36,298 - automatorLogger - WARNING - i am here to die<Thread(Thread-1, started 140598089574144)>
2019-08-28 19:53:36,298 - automatorLogger - WARNING - i am here to die<Thread(Thread-1, started 140598089574144)>
2019-08-28 19:53:38,300 - automatorLogger - WARNING - i am here to die<Thread(Thread-1, started 140598089574144)>
2019-08-28 19:53:38,300 - automatorLogger - WARNING - i am here to die<Thread(Thread-1, started 140598089574144)>
2019-08-28 19:53:40,302 - automatorLogger - WARNING - i am here to die<Thread(Thread-1, started 140598089574144)>
2019-08-28 19:53:40,302 - automatorLogger - WARNING - i am here to die<Thread(Thread-1, started 140598089574144)>
2019-08-28 19:53:42,303 - automatorLogger - WARNING - i am here to die<Thread(Thread-1, started 140598089574144)>
2019-08-28 19:53:42,304 - automatorLogger - WARNING - i am here to die<Thread(Thread-1, started 140598089574144)>
2019-08-28 19:53:44,306 - automatorLogger - WARNING - i am here to die<Thread(Thread-1, started 140598089574144)>
2019-08-28 19:53:44,307 - automatorLogger - WARNING - i am here to die<Thread(Thread-1, started 140598089574144)>
2019-08-28 19:53:46,309 - automatorLogger - WARNING - i am here to die<Thread(Thread-1, started 140598089574144)>
2019-08-28 19:53:46,310 - automatorLogger - WARNING - i am here to die<Thread(Thread-1, started 140598089574144)>
2019-08-28 19:53:48,312 - automatorLogger - WARNING - i am here to die<Thread(Thread-1, started 140598089574144)>
2019-08-28 19:53:48,313 - automatorLogger - WARNING - i am here to die<Thread(Thread-1, started 140598089574144)>
2019-08-28 19:53:50,315 - automatorLogger - WARNING - i am here to die<Thread(Thread-1, started 140598089574144)>
2019-08-28 19:53:50,315 - automatorLogger - WARNING - i am here to die<Thread(Thread-1, started 140598089574144)>
2019-08-28 19:53:52,317 - automatorLogger - WARNING - i am here to die<Thread(Thread-1, started 140598089574144)>
2019-08-28 19:53:52,318 - automatorLogger - WARNING - i am here to die<Thread(Thread-1, started 140598089574144)>
2019-08-28 19:53:54,320 - automatorLogger - WARNING - i am here to die<Thread(Thread-1, started 140598089574144)>
2019-08-28 19:53:54,321 - automatorLogger - WARNING - i am here to die<Thread(Thread-1, started 140598089574144)>
2019-08-28 19:53:56,323 - automatorLogger - WARNING - i am here to die<Thread(Thread-1, started 140598089574144)>
2019-08-28 19:53:56,323 - automatorLogger - WARNING - i am here to die<Thread(Thread-1, started 140598089574144)>
2019-08-28 19:53:58,326 - automatorLogger - WARNING - i am here to die<Thread(Thread-1, started 140598089574144)>
2019-08-28 19:53:58,326 - automatorLogger - WARNING - i am here to die<Thread(Thread-1, started 140598089574144)>
2019-08-28 19:54:00,328 - automatorLogger - WARNING - i am here to die<Thread(Thread-1, started 140598089574144)>
2019-08-28 19:54:00,328 - automatorLogger - WARNING - i am here to die<Thread(Thread-1, started 140598089574144)>
2019-08-28 19:54:00,806 - automatorLogger - WARNING - Stop pressing the CTRL+C!
2019-08-28 19:54:00,806 - automatorLogger - WARNING - 2
2019-08-28 19:54:00,806 - automatorLogger - WARNING - Stop pressing the CTRL+C!
2019-08-28 19:54:00,807 - automatorLogger - WARNING - 2
2019-08-28 19:54:01,012 - automatorLogger - WARNING - Stop pressing the CTRL+C!
2019-08-28 19:54:01,013 - automatorLogger - WARNING - 2
2019-08-28 19:54:54,482 - automatorLogger - WARNING - Stop pressing the CTRL+C!
2019-08-28 19:54:54,482 - automatorLogger - WARNING - Stop pressing the CTRL+C!
2019-08-28 19:54:54,482 - automatorLogger - WARNING - 2
2019-08-28 19:54:54,482 - automatorLogger - WARNING - 2
2019-08-28 19:54:55,103 - automatorLogger - WARNING - Stop pressing the CTRL+C!
2019-08-28 19:54:55,104 - automatorLogger - WARNING - 2
2019-08-28 19:55:03,453 - automatorLogger - WARNING - Stop pressing the CTRL+C!
2019-08-28 19:55:03,453 - automatorLogger - WARNING - Stop pressing the CTRL+C!
2019-08-28 19:55:03,454 - automatorLogger - WARNING - 2
2019-08-28 19:55:03,454 - automatorLogger - WARNING - 2
2019-08-28 19:55:03,625 - automatorLogger - WARNING - Stop pressing the CTRL+C!
2019-08-28 19:55:03,625 - automatorLogger - WARNING - 2
2019-08-28 19:55:39,401 - automatorLogger - WARNING - Stop pressing the CTRL+C!
2019-08-28 19:55:39,401 - automatorLogger - WARNING - Stop pressing the CTRL+C!
2019-08-28 19:55:39,401 - automatorLogger - WARNING - 2
2019-08-28 19:55:39,401 - automatorLogger - WARNING - 2
2019-08-28 19:55:39,775 - automatorLogger - WARNING - Stop pressing the CTRL+C!
2019-08-28 19:55:39,775 - automatorLogger - WARNING - 2
2019-08-28 19:56:21,958 - automatorLogger - WARNING - Stop pressing the CTRL+C!
2019-08-28 19:56:21,958 - automatorLogger - WARNING - Stop pressing the CTRL+C!
2019-08-28 19:56:21,958 - automatorLogger - WARNING - 2
2019-08-28 19:56:22,863 - automatorLogger - WARNING - Stop pressing the CTRL+C!
2019-08-28 19:56:22,863 - automatorLogger - WARNING - 2
